This is pdfTeX, Version 3.1415926-2.4-1.40.13 (MiKTeX 2.9 64-bit) (preloaded format=pdflatex 2013.9.5)  2 APR 2014 09:38
entering extended mode
**Report.tex
("C:\Users\Kevin\SkyDrive\Final Year Project\Final Report\Report.tex"
LaTeX2e <2011/06/27>
Babel <v3.8m> and hyphenation patterns for english, afrikaans, ancientgreek, ar
abic, armenian, assamese, basque, bengali, bokmal, bulgarian, catalan, coptic, 
croatian, czech, danish, dutch, esperanto, estonian, farsi, finnish, french, ga
lician, german, german-x-2012-05-30, greek, gujarati, hindi, hungarian, iceland
ic, indonesian, interlingua, irish, italian, kannada, kurmanji, latin, latvian,
 lithuanian, malayalam, marathi, mongolian, mongolianlmc, monogreek, ngerman, n
german-x-2012-05-30, nynorsk, oriya, panjabi, pinyin, polish, portuguese, roman
ian, russian, sanskrit, serbian, slovak, slovenian, spanish, swedish, swissgerm
an, tamil, telugu, turkish, turkmen, ukenglish, ukrainian, uppersorbian, usengl
ishmax, welsh, loaded.
("C:\Program Files\MiKTeX 2.9\tex\latex\base\report.cls"
Document Class: report 2007/10/19 v1.4h Standard LaTeX document class
("C:\Program Files\MiKTeX 2.9\tex\latex\base\size12.clo"
File: size12.clo 2007/10/19 v1.4h Standard LaTeX file (size option)
)
\c@part=\count79
\c@chapter=\count80
\c@section=\count81
\c@subsection=\count82
\c@subsubsection=\count83
\c@paragraph=\count84
\c@subparagraph=\count85
\c@figure=\count86
\c@table=\count87
\abovecaptionskip=\skip41
\belowcaptionskip=\skip42
\bibindent=\dimen102
)
("C:\Program Files\MiKTeX 2.9\tex\latex\setspace\setspace.sty"
Package: setspace 2011/12/19 v6.7a set line spacing
)
("C:\Program Files\MiKTeX 2.9\tex\latex\natbib\natbib.sty"
Package: natbib 2010/09/13 8.31b (PWD, AO)
\bibhang=\skip43
\bibsep=\skip44
LaTeX Info: Redefining \cite on input line 694.
\c@NAT@ctr=\count88
)
("C:\Program Files\MiKTeX 2.9\tex\latex\graphics\epsfig.sty"
Package: epsfig 1999/02/16 v1.7a (e)psfig emulation (SPQR)

("C:\Program Files\MiKTeX 2.9\tex\latex\graphics\graphicx.sty"
Package: graphicx 1999/02/16 v1.0f Enhanced LaTeX Graphics (DPC,SPQR)

("C:\Program Files\MiKTeX 2.9\tex\latex\graphics\keyval.sty"
Package: keyval 1999/03/16 v1.13 key=value parser (DPC)
\KV@toks@=\toks14
)
("C:\Program Files\MiKTeX 2.9\tex\latex\graphics\graphics.sty"
Package: graphics 2009/02/05 v1.0o Standard LaTeX Graphics (DPC,SPQR)

("C:\Program Files\MiKTeX 2.9\tex\latex\graphics\trig.sty"
Package: trig 1999/03/16 v1.09 sin cos tan (DPC)
)
("C:\Program Files\MiKTeX 2.9\tex\latex\00miktex\graphics.cfg"
File: graphics.cfg 2007/01/18 v1.5 graphics configuration of teTeX/TeXLive
)
Package graphics Info: Driver file: pdftex.def on input line 91.

("C:\Program Files\MiKTeX 2.9\tex\latex\pdftex-def\pdftex.def"
File: pdftex.def 2011/05/27 v0.06d Graphics/color for pdfTeX

("C:\Program Files\MiKTeX 2.9\tex\generic\oberdiek\infwarerr.sty"
Package: infwarerr 2010/04/08 v1.3 Providing info/warning/error messages (HO)
)
("C:\Program Files\MiKTeX 2.9\tex\generic\oberdiek\ltxcmds.sty"
Package: ltxcmds 2011/11/09 v1.22 LaTeX kernel commands for general use (HO)
)
\Gread@gobject=\count89
))
\Gin@req@height=\dimen103
\Gin@req@width=\dimen104
)
\epsfxsize=\dimen105
\epsfysize=\dimen106
)
("C:\Program Files\MiKTeX 2.9\tex\latex\amsmath\amsmath.sty"
Package: amsmath 2013/01/14 v2.14 AMS math features
\@mathmargin=\skip45

For additional information on amsmath, use the `?' option.
("C:\Program Files\MiKTeX 2.9\tex\latex\amsmath\amstext.sty"
Package: amstext 2000/06/29 v2.01

("C:\Program Files\MiKTeX 2.9\tex\latex\amsmath\amsgen.sty"
File: amsgen.sty 1999/11/30 v2.0
\@emptytoks=\toks15
\ex@=\dimen107
))
("C:\Program Files\MiKTeX 2.9\tex\latex\amsmath\amsbsy.sty"
Package: amsbsy 1999/11/29 v1.2d
\pmbraise@=\dimen108
)
("C:\Program Files\MiKTeX 2.9\tex\latex\amsmath\amsopn.sty"
Package: amsopn 1999/12/14 v2.01 operator names
)
\inf@bad=\count90
LaTeX Info: Redefining \frac on input line 210.
\uproot@=\count91
\leftroot@=\count92
LaTeX Info: Redefining \overline on input line 306.
\classnum@=\count93
\DOTSCASE@=\count94
LaTeX Info: Redefining \ldots on input line 378.
LaTeX Info: Redefining \dots on input line 381.
LaTeX Info: Redefining \cdots on input line 466.
\Mathstrutbox@=\box26
\strutbox@=\box27
\big@size=\dimen109
LaTeX Font Info:    Redeclaring font encoding OML on input line 566.
LaTeX Font Info:    Redeclaring font encoding OMS on input line 567.
\macc@depth=\count95
\c@MaxMatrixCols=\count96
\dotsspace@=\muskip10
\c@parentequation=\count97
\dspbrk@lvl=\count98
\tag@help=\toks16
\row@=\count99
\column@=\count100
\maxfields@=\count101
\andhelp@=\toks17
\eqnshift@=\dimen110
\alignsep@=\dimen111
\tagshift@=\dimen112
\tagwidth@=\dimen113
\totwidth@=\dimen114
\lineht@=\dimen115
\@envbody=\toks18
\multlinegap=\skip46
\multlinetaggap=\skip47
\mathdisplay@stack=\toks19
LaTeX Info: Redefining \[ on input line 2665.
LaTeX Info: Redefining \] on input line 2666.
)
("C:\Program Files\MiKTeX 2.9\tex\latex\amsfonts\amsfonts.sty"
Package: amsfonts 2013/01/14 v3.01 Basic AMSFonts support
\symAMSa=\mathgroup4
\symAMSb=\mathgroup5
LaTeX Font Info:    Overwriting math alphabet `\mathfrak' in version `bold'
(Font)                  U/euf/m/n --> U/euf/b/n on input line 106.
)
("C:\Program Files\MiKTeX 2.9\tex\latex\amscls\amsthm.sty"
Package: amsthm 2004/08/06 v2.20
\thm@style=\toks20
\thm@bodyfont=\toks21
\thm@headfont=\toks22
\thm@notefont=\toks23
\thm@headpunct=\toks24
\thm@preskip=\skip48
\thm@postskip=\skip49
\thm@headsep=\skip50
\dth@everypar=\toks25
)
("C:\Program Files\MiKTeX 2.9\tex\latex\amsfonts\amssymb.sty"
Package: amssymb 2013/01/14 v3.01 AMS font symbols
)
("C:\Program Files\MiKTeX 2.9\tex\latex\fancyhdr\fancyhdr.sty"
\fancy@headwidth=\skip51
\f@ncyO@elh=\skip52
\f@ncyO@erh=\skip53
\f@ncyO@olh=\skip54
\f@ncyO@orh=\skip55
\f@ncyO@elf=\skip56
\f@ncyO@erf=\skip57
\f@ncyO@olf=\skip58
\f@ncyO@orf=\skip59
)
("C:\Program Files\MiKTeX 2.9\tex\latex\lastpage\lastpage.sty"
Package: lastpage 2013/01/28 v1.2l Refers to last page's name (HMM; JPG)
)
("C:\Program Files\MiKTeX 2.9\tex\latex\fancyhdr\extramarks.sty"
\@temptokenb=\toks26
)
("C:\Program Files\MiKTeX 2.9\tex\latex\ltxmisc\chngpage.sty"
Package: chngpage 2003/08/10 v1.2 change page layout
\c@cp@cnt=\count102
\c@cp@tempcnt=\count103
)
("C:\Program Files\MiKTeX 2.9\tex\latex\soul\soul.sty"
Package: soul 2003/11/17 v2.4 letterspacing/underlining (mf)
\SOUL@word=\toks27
\SOUL@lasttoken=\toks28
\SOUL@cmds=\toks29
\SOUL@buffer=\toks30
\SOUL@token=\toks31
\SOUL@spaceskip=\skip60
\SOUL@ttwidth=\dimen116
\SOUL@uldp=\dimen117
\SOUL@ulht=\dimen118
)
("C:\Program Files\MiKTeX 2.9\tex\latex\geometry\geometry.sty"
Package: geometry 2010/09/12 v5.6 Page Geometry

("C:\Program Files\MiKTeX 2.9\tex\generic\oberdiek\ifpdf.sty"
Package: ifpdf 2011/01/30 v2.3 Provides the ifpdf switch (HO)
Package ifpdf Info: pdfTeX in PDF mode is detected.
)
("C:\Program Files\MiKTeX 2.9\tex\generic\oberdiek\ifvtex.sty"
Package: ifvtex 2010/03/01 v1.5 Detect VTeX and its facilities (HO)
Package ifvtex Info: VTeX not detected.
)
("C:\Program Files\MiKTeX 2.9\tex\generic\ifxetex\ifxetex.sty"
Package: ifxetex 2010/09/12 v0.6 Provides ifxetex conditional
)
\Gm@cnth=\count104
\Gm@cntv=\count105
\c@Gm@tempcnt=\count106
\Gm@bindingoffset=\dimen119
\Gm@wd@mp=\dimen120
\Gm@odd@mp=\dimen121
\Gm@even@mp=\dimen122
\Gm@layoutwidth=\dimen123
\Gm@layoutheight=\dimen124
\Gm@layouthoffset=\dimen125
\Gm@layoutvoffset=\dimen126
\Gm@dimlist=\toks32

("C:\Program Files\MiKTeX 2.9\tex\latex\geometry\geometry.cfg"))
("C:\Program Files\MiKTeX 2.9\tex\latex\tools\enumerate.sty"
Package: enumerate 1999/03/05 v3.00 enumerate extensions (DPC)
\@enLab=\toks33
)
("C:\Program Files\MiKTeX 2.9\tex\latex\graphics\color.sty"
Package: color 2005/11/14 v1.0j Standard LaTeX Color (DPC)

("C:\Program Files\MiKTeX 2.9\tex\latex\00miktex\color.cfg"
File: color.cfg 2007/01/18 v1.5 color configuration of teTeX/TeXLive
)
Package color Info: Driver file: pdftex.def on input line 130.

("C:\Program Files\MiKTeX 2.9\tex\latex\graphics\dvipsnam.def"
File: dvipsnam.def 1999/02/16 v3.0i Driver-dependant file (DPC,SPQR)
))
("C:\Program Files\MiKTeX 2.9\tex\latex\float\float.sty"
Package: float 2001/11/08 v1.3d Float enhancements (AL)
\c@float@type=\count107
\float@exts=\toks34
\float@box=\box28
\@float@everytoks=\toks35
\@floatcapt=\box29
)
("C:\Program Files\MiKTeX 2.9\tex\latex\wrapfig\wrapfig.sty"
\wrapoverhang=\dimen127
\WF@size=\dimen128
\c@WF@wrappedlines=\count108
\WF@box=\box30
\WF@everypar=\toks36
Package: wrapfig 2003/01/31  v 3.6
)
("C:\Program Files\MiKTeX 2.9\tex\latex\base\ifthen.sty"
Package: ifthen 2001/05/26 v1.1c Standard LaTeX ifthen package (DPC)
)
("C:\Program Files\MiKTeX 2.9\tex\latex\psnfss\courier.sty"
Package: courier 2005/04/12 PSNFSS-v9.2a (WaS) 
)
("C:\Program Files\MiKTeX 2.9\tex\latex\listings\listings.sty"
\lst@mode=\count109
\lst@gtempboxa=\box31
\lst@token=\toks37
\lst@length=\count110
\lst@currlwidth=\dimen129
\lst@column=\count111
\lst@pos=\count112
\lst@lostspace=\dimen130
\lst@width=\dimen131
\lst@newlines=\count113
\lst@lineno=\count114
\lst@maxwidth=\dimen132

("C:\Program Files\MiKTeX 2.9\tex\latex\listings\lstmisc.sty"
File: lstmisc.sty 2013/08/26 1.5b (Carsten Heinz)
\c@lstnumber=\count115
\lst@skipnumbers=\count116
\lst@framebox=\box32
)
("C:\Program Files\MiKTeX 2.9\tex\latex\listings\listings.cfg"
File: listings.cfg 2013/08/26 1.5b listings configuration
))
Package: listings 2013/08/26 1.5b (Carsten Heinz)

("C:\Program Files\MiKTeX 2.9\tex\latex\listings\lstlang1.sty"
File: lstlang1.sty 2013/08/26 1.5b listings language file
)
("C:\Program Files\MiKTeX 2.9\tex\latex\listings\lstlang2.sty"
File: lstlang2.sty 2013/08/26 1.5b listings language file
)
("C:\Program Files\MiKTeX 2.9\tex\latex\listings\lstlang3.sty"
File: lstlang3.sty 2013/08/26 1.5b listings language file
)
("C:\Users\Kevin\SkyDrive\Final Year Project\Final Report\Report.aux")
LaTeX Font Info:    Checking defaults for OML/cmm/m/it on input line 54.
LaTeX Font Info:    ... okay on input line 54.
LaTeX Font Info:    Checking defaults for T1/cmr/m/n on input line 54.
LaTeX Font Info:    ... okay on input line 54.
LaTeX Font Info:    Checking defaults for OT1/cmr/m/n on input line 54.
LaTeX Font Info:    ... okay on input line 54.
LaTeX Font Info:    Checking defaults for OMS/cmsy/m/n on input line 54.
LaTeX Font Info:    ... okay on input line 54.
LaTeX Font Info:    Checking defaults for OMX/cmex/m/n on input line 54.
LaTeX Font Info:    ... okay on input line 54.
LaTeX Font Info:    Checking defaults for U/cmr/m/n on input line 54.
LaTeX Font Info:    ... okay on input line 54.

("C:\Program Files\MiKTeX 2.9\tex\context\base\supp-pdf.mkii"
[Loading MPS to PDF converter (version 2006.09.02).]
\scratchcounter=\count117
\scratchdimen=\dimen133
\scratchbox=\box33
\nofMPsegments=\count118
\nofMParguments=\count119
\everyMPshowfont=\toks38
\MPscratchCnt=\count120
\MPscratchDim=\dimen134
\MPnumerator=\count121
\makeMPintoPDFobject=\count122
\everyMPtoPDFconversion=\toks39
)
Package lastpage Info: Please have a look at the pageslts package at
(lastpage)             http://www.ctan.org/tex-archive/ 
(lastpage)             macros/latex/contrib/pageslts/ 
(lastpage)             or
(lastpage)             http://www.ctan.org/tex-archive/ 
(lastpage)             install/macros/latex/contrib/pageslts.tds.zip
(lastpage)             ! on input line 54.

*geometry* driver: auto-detecting
*geometry* detected driver: pdftex
*geometry* verbose mode - [ preamble ] result:
* driver: pdftex
* paper: a4paper
* layout: <same size as paper>
* layoutoffset:(h,v)=(0.0pt,0.0pt)
* modes: 
* h-part:(L,W,R)=(108.405pt, 416.83289pt, 72.26999pt)
* v-part:(T,H,B)=(72.26999pt, 700.50687pt, 72.26999pt)
* \paperwidth=597.50787pt
* \paperheight=845.04684pt
* \textwidth=416.83289pt
* \textheight=700.50687pt
* \oddsidemargin=36.13501pt
* \evensidemargin=36.13501pt
* \topmargin=-37.0pt
* \headheight=12.0pt
* \headsep=25.0pt
* \topskip=12.0pt
* \footskip=30.0pt
* \marginparwidth=35.0pt
* \marginparsep=10.0pt
* \columnsep=10.0pt
* \skip\footins=10.8pt plus 4.0pt minus 2.0pt
* \hoffset=0.0pt
* \voffset=0.0pt
* \mag=1000
* \@twocolumnfalse
* \@twosidefalse
* \@mparswitchfalse
* \@reversemarginfalse
* (1in=72.27pt=25.4mm, 1cm=28.453pt)

\c@lstlisting=\count123
<ullogo.jpg, id=1, 314.17375pt x 161.60374pt>
File: ullogo.jpg Graphic file (type jpg)
 <use ullogo.jpg>
Package pdftex.def Info: ullogo.jpg used on input line 68.
(pdftex.def)             Requested size: 314.17297pt x 161.60335pt.
 [1

{C:/ProgramData/MiKTeX/2.9/pdftex/config/pdftex.map} <C:/Users/Kevin/SkyDrive/F
inal Year Project/Final Report/ullogo.jpg>]
LaTeX Font Info:    Try loading font information for U+msa on input line 92.

("C:\Program Files\MiKTeX 2.9\tex\latex\amsfonts\umsa.fd"
File: umsa.fd 2013/01/14 v3.01 AMS symbols A
)
LaTeX Font Info:    Try loading font information for U+msb on input line 92.

("C:\Program Files\MiKTeX 2.9\tex\latex\amsfonts\umsb.fd"
File: umsb.fd 2013/01/14 v3.01 AMS symbols B
) [1

] [2

]
("C:\Users\Kevin\SkyDrive\Final Year Project\Final Report\Report.toc" [3

])
\tf@toc=\write3

[4]
Chapter 1.
LaTeX Font Info:    Try loading font information for OMS+cmr on input line 108.

("C:\Program Files\MiKTeX 2.9\tex\latex\base\omscmr.fd"
File: omscmr.fd 1999/05/25 v2.5h Standard LaTeX font definitions
)
LaTeX Font Info:    Font shape `OMS/cmr/m/n' in size <12> not available
(Font)              Font shape `OMS/cmsy/m/n' tried instead on input line 108.
 [1


]
LaTeX Font Info:    Try loading font information for OT1+pcr on input line 117.


("C:\Program Files\MiKTeX 2.9\tex\latex\psnfss\ot1pcr.fd"
File: ot1pcr.fd 2001/06/04 font definitions for OT1/pcr.
) [2]
Chapter 2.
<Quantiles.png, id=31, 740.7675pt x 333.245pt>
File: Quantiles.png Graphic file (type png)
 <use Quantiles.png>
Package pdftex.def Info: Quantiles.png used on input line 136.
(pdftex.def)             Requested size: 284.52756pt x 127.99716pt.
 [3

] [4 <C:/Users/Kevin/SkyDrive/Final Year Project/Final Report/Quantiles.png>] [
5]
<CheckFunctionImage.png, id=47, 216.81pt x 209.28188pt>
File: CheckFunctionImage.png Graphic file (type png)

<use CheckFunctionImage.png>
Package pdftex.def Info: CheckFunctionImage.png used on input line 203.
(pdftex.def)             Requested size: 199.16928pt x 192.26381pt.
 [6] [7 <C:/Users/Kevin/SkyDrive/Final Year Project/Final Report/CheckFunctionI
mage.png>] [8] [9] [10] [11]
<PlotofQuantreg.pdf, id=71, 433.62pt x 289.08pt>
File: PlotofQuantreg.pdf Graphic file (type pdf)
 <use PlotofQuantreg.pdf>
Package pdftex.def Info: PlotofQuantreg.pdf used on input line 329.
(pdftex.def)             Requested size: 284.54257pt x 199.16986pt.

[12] [13 <C:/Users/Kevin/SkyDrive/Final Year Project/Final Report/PlotofQuantre
g.pdf>] <PlotofQuantregLog.pdf, id=84, 433.62pt x 289.08pt>
File: PlotofQuantregLog.pdf Graphic file (type pdf)

<use PlotofQuantregLog.pdf>
Package pdftex.def Info: PlotofQuantregLog.pdf used on input line 362.
(pdftex.def)             Requested size: 284.52756pt x 189.69504pt.
 [14 <C:/Users/Kevin/SkyDrive/Final Year Project/Final Report/PlotofQuantregLog
.pdf>]
<PlotofBayesQR.pdf, id=95, 433.62pt x 289.08pt>
File: PlotofBayesQR.pdf Graphic file (type pdf)
 <use PlotofBayesQR.pdf>
Package pdftex.def Info: PlotofBayesQR.pdf used on input line 402.
(pdftex.def)             Requested size: 284.54257pt x 199.16986pt.

[15 <C:/Users/Kevin/SkyDrive/Final Year Project/Final Report/PlotofBayesQR.pdf>
] <PlotofBayesQRLog.pdf, id=105, 433.62pt x 289.08pt>
File: PlotofBayesQRLog.pdf Graphic file (type pdf)

<use PlotofBayesQRLog.pdf>
Package pdftex.def Info: PlotofBayesQRLog.pdf used on input line 435.
(pdftex.def)             Requested size: 284.54257pt x 199.16986pt.
 [16 <C:/Users/Kevin/SkyDrive/Final Year Project/Final Report/PlotofBayesQRLog.
pdf>] <PlotofLqmm.pdf, id=115, 433.62pt x 289.08pt>
File: PlotofLqmm.pdf Graphic file (type pdf)

<use PlotofLqmm.pdf>
Package pdftex.def Info: PlotofLqmm.pdf used on input line 474.
(pdftex.def)             Requested size: 284.52756pt x 189.69504pt.
 [17] <PlotofLqmmLog.pdf, id=119, 433.62pt x 289.08pt>
File: PlotofLqmmLog.pdf Graphic file (type pdf)

<use PlotofLqmmLog.pdf>
Package pdftex.def Info: PlotofLqmmLog.pdf used on input line 508.
(pdftex.def)             Requested size: 284.54257pt x 199.16986pt.
 [18 <C:/Users/Kevin/SkyDrive/Final Year Project/Final Report/PlotofLqmm.pdf>] 
[19 <C:/Users/Kevin/SkyDrive/Final Year Project/Final Report/PlotofLqmmLog.pdf>
]
Chapter 3.
[20

]
Overfull \hbox (40.52199pt too wide) in paragraph at lines 572--584
 [] 
 []

[21] <NormT4.pdf, id=145, 597.23125pt x 420.57124pt>
File: NormT4.pdf Graphic file (type pdf)
 <use NormT4.pdf>
Package pdftex.def Info: NormT4.pdf used on input line 634.
(pdftex.def)             Requested size: 284.52618pt x 199.17018pt.
 [22]
<NormT3.pdf, id=149, 597.23125pt x 420.57124pt>
File: NormT3.pdf Graphic file (type pdf)
 <use NormT3.pdf>
Package pdftex.def Info: NormT3.pdf used on input line 644.
(pdftex.def)             Requested size: 284.52618pt x 199.17018pt.
 [23 <C:/Users/Kevin/SkyDrive/Final Year Project/Final Report/NormT4.pdf> <C:/U
sers/Kevin/SkyDrive/Final Year Project/Final Report/NormT3.pdf>]
<NormTSH.pdf, id=165, 597.23125pt x 420.57124pt>
File: NormTSH.pdf Graphic file (type pdf)
 <use NormTSH.pdf>
Package pdftex.def Info: NormTSH.pdf used on input line 656.
(pdftex.def)             Requested size: 284.52618pt x 227.6249pt.
 [24 <C:/Users/Kevin/SkyDrive/Final Year Project/Final Report/NormTSH.pdf>]
<BoxCoxTSH.pdf, id=175, 597.23125pt x 420.57124pt>
File: BoxCoxTSH.pdf Graphic file (type pdf)
 <use BoxCoxTSH.pdf>
Package pdftex.def Info: BoxCoxTSH.pdf used on input line 705.
(pdftex.def)             Requested size: 284.52618pt x 227.6249pt.
 [25]
[26 <C:/Users/Kevin/SkyDrive/Final Year Project/Final Report/BoxCoxTSH.pdf>]
<QRT4Model1.pdf, id=191, 597.23125pt x 420.57124pt>
File: QRT4Model1.pdf Graphic file (type pdf)
 <use QRT4Model1.pdf>
Package pdftex.def Info: QRT4Model1.pdf used on input line 729.
(pdftex.def)             Requested size: 256.0748pt x 180.32872pt.

<QRT4Model2.pdf, id=192, 597.23125pt x 420.57124pt>
File: QRT4Model2.pdf Graphic file (type pdf)
 <use QRT4Model2.pdf>
Package pdftex.def Info: QRT4Model2.pdf used on input line 735.
(pdftex.def)             Requested size: 256.0748pt x 180.32872pt.

[27 <C:/Users/Kevin/SkyDrive/Final Year Project/Final Report/QRT4Model1.pdf> <C
:/Users/Kevin/SkyDrive/Final Year Project/Final Report/QRT4Model2.pdf>]
<QRT3Model1.pdf, id=208, 597.23125pt x 420.57124pt>
File: QRT3Model1.pdf Graphic file (type pdf)
 <use QRT3Model1.pdf>
Package pdftex.def Info: QRT3Model1.pdf used on input line 752.
(pdftex.def)             Requested size: 256.0748pt x 180.32872pt.

<QRT3Model2.pdf, id=209, 597.23125pt x 420.57124pt>
File: QRT3Model2.pdf Graphic file (type pdf)
 <use QRT3Model2.pdf>
Package pdftex.def Info: QRT3Model2.pdf used on input line 764.
(pdftex.def)             Requested size: 256.0748pt x 180.32872pt.

[28 <C:/Users/Kevin/SkyDrive/Final Year Project/Final Report/QRT3Model1.pdf>]
<QRTSHModel1.pdf, id=219, 597.23125pt x 420.57124pt>
File: QRTSHModel1.pdf Graphic file (type pdf)
 <use QRTSHModel1.pdf>
Package pdftex.def Info: QRTSHModel1.pdf used on input line 777.
(pdftex.def)             Requested size: 256.0748pt x 180.32872pt.

[29 <C:/Users/Kevin/SkyDrive/Final Year Project/Final Report/QRT3Model2.pdf> <C
:/Users/Kevin/SkyDrive/Final Year Project/Final Report/QRTSHModel1.pdf>]
Chapter 4.
[30

] [31] [32] [33] <QRT3NCModel.pdf, id=250, 597.23125pt x 420.57124pt>
File: QRT3NCModel.pdf Graphic file (type pdf)

<use QRT3NCModel.pdf>
Package pdftex.def Info: QRT3NCModel.pdf used on input line 876.
(pdftex.def)             Requested size: 284.52756pt x 200.36382pt.
 [34]
<QRT4NCModel.pdf, id=254, 597.23125pt x 420.57124pt>
File: QRT4NCModel.pdf Graphic file (type pdf)
 <use QRT4NCModel.pdf>
Package pdftex.def Info: QRT4NCModel.pdf used on input line 885.
(pdftex.def)             Requested size: 284.52756pt x 200.36382pt.

[35 <C:/Users/Kevin/SkyDrive/Final Year Project/Final Report/QRT3NCModel.pdf> <
C:/Users/Kevin/SkyDrive/Final Year Project/Final Report/QRT4NCModel.pdf>]
<QRTSHNCModel.pdf, id=271, 597.23125pt x 420.57124pt>
File: QRTSHNCModel.pdf Graphic file (type pdf)
 <use QRTSHNCModel.pdf>
Package pdftex.def Info: QRTSHNCModel.pdf used on input line 902.
(pdftex.def)             Requested size: 284.52756pt x 200.36382pt.

[36 <C:/Users/Kevin/SkyDrive/Final Year Project/Final Report/QRTSHNCModel.pdf>]
("C:\Users\Kevin\SkyDrive\Final Year Project\Final Report\Report.bbl" [37

])
[38]
Appendix A.
LaTeX Font Info:    Try loading font information for T1+pcr on input line 925.
("C:\Program Files\MiKTeX 2.9\tex\latex\psnfss\t1pcr.fd"
File: t1pcr.fd 2001/06/04 font definitions for T1/pcr.
)
LaTeX Font Info:    Try loading font information for OML+cmr on input line 929.


("C:\Program Files\MiKTeX 2.9\tex\latex\base\omlcmr.fd"
File: omlcmr.fd 1999/05/25 v2.5h Standard LaTeX font definitions
)
LaTeX Font Info:    Font shape `OML/cmr/bx/n' in size <10.95> not available
(Font)              Font shape `OML/cmm/b/it' tried instead on input line 929.
 [39

] [40] [41]
[42] [43]
Appendix B.
[44

] [45]
LaTeX Font Info:    Font shape `OMS/cmr/bx/n' in size <10.95> not available
(Font)              Font shape `OMS/cmsy/b/n' tried instead on input line 1212.

 [46] [47] [48] [49] [50] [51]
Appendix C.
[52

] [53] [54] [55] [56] [57] [58] [59] 
AED: lastpage setting LastPage
[60] ("C:\Users\Kevin\SkyDrive\Final Year Project\Final Report\Report.aux") ) 
Here is how much of TeX's memory you used:
 6298 strings out of 493921
 83603 string characters out of 3147283
 214501 words of memory out of 3000000
 9450 multiletter control sequences out of 15000+200000
 15411 words of font info for 56 fonts, out of 3000000 for 9000
 841 hyphenation exceptions out of 8191
 34i,13n,43p,1537b,2183s stack positions out of 5000i,500n,10000p,200000b,50000s
{C
:/Program Files/MiKTeX 2.9/fonts/enc/dvips/fontname/8r.enc}<C:/Program Files/Mi
KTeX 2.9/fonts/type1/public/amsfonts/cm/cmbsy10.pfb><C:/Program Files/MiKTeX 2.
9/fonts/type1/public/amsfonts/cm/cmbx10.pfb><C:/Program Files/MiKTeX 2.9/fonts/
type1/public/amsfonts/cm/cmbx12.pfb><C:/Program Files/MiKTeX 2.9/fonts/type1/pu
blic/amsfonts/cm/cmex10.pfb><C:/Program Files/MiKTeX 2.9/fonts/type1/public/ams
fonts/cm/cmmi12.pfb><C:/Program Files/MiKTeX 2.9/fonts/type1/public/amsfonts/cm
/cmmi6.pfb><C:/Program Files/MiKTeX 2.9/fonts/type1/public/amsfonts/cm/cmmi8.pf
b><C:/Program Files/MiKTeX 2.9/fonts/type1/public/amsfonts/cm/cmmib10.pfb><C:/P
rogram Files/MiKTeX 2.9/fonts/type1/public/amsfonts/cm/cmr12.pfb><C:/Program Fi
les/MiKTeX 2.9/fonts/type1/public/amsfonts/cm/cmr17.pfb><C:/Program Files/MiKTe
X 2.9/fonts/type1/public/amsfonts/cm/cmr6.pfb><C:/Program Files/MiKTeX 2.9/font
s/type1/public/amsfonts/cm/cmr8.pfb><C:/Program Files/MiKTeX 2.9/fonts/type1/pu
blic/amsfonts/cm/cmsy10.pfb><C:/Program Files/MiKTeX 2.9/fonts/type1/public/ams
fonts/cm/cmsy6.pfb><C:/Program Files/MiKTeX 2.9/fonts/type1/public/amsfonts/cm/
cmsy8.pfb><C:/Program Files/MiKTeX 2.9/fonts/type1/public/amsfonts/cm/cmti12.pf
b><C:/Program Files/MiKTeX 2.9/fonts/type1/public/amsfonts/symbols/msbm10.pfb><
C:/Program Files/MiKTeX 2.9/fonts/type1/urw/courier/ucrr8a.pfb><C:/Program File
s/MiKTeX 2.9/fonts/type1/urw/courier/ucrro8a.pfb>
Output written on Report.pdf (65 pages, 826418 bytes).
PDF statistics:
 423 PDF objects out of 1000 (max. 8388607)
 0 named destinations out of 1000 (max. 500000)
 106 words of extra memory for PDF output out of 10000 (max. 10000000)

